app/build/intermediates/manifest_merge_blame_file/debug/manifest-merger-blame-debug-report.txt
1<?xml version="1.0" encoding="utf-8"?>
2<manifest xmlns:android="http://schemas.android.com/apk/res/android"
3    package="com.visionify.app"
4    android:versionCode="2"
5    android:versionName="2.1" >
6
7    <uses-sdk
8        android:minSdkVersion="24"
8-->src\main\AndroidManifest.xml
9        android:targetSdkVersion="30" />
9-->src\main\AndroidManifest.xml
10
11    <uses-permission android:name="android.permission.ACCESS_NETWORK_STATE" />
11-->[com.google.firebase:firebase-iid:19.0.0] AndroidManifest.xml:22:5-79
11-->[com.google.firebase:firebase-iid:19.0.0] AndroidManifest.xml:22:22-76
12    <uses-permission android:name="android.permission.INTERNET" />
12-->[com.google.firebase:firebase-iid:19.0.0] AndroidManifest.xml:23:5-67
12-->[com.google.firebase:firebase-iid:19.0.0] AndroidManifest.xml:23:22-64
13    <uses-permission android:name="android.permission.WAKE_LOCK" /> <!-- Required by older versions of Google Play services to create IID tokens -->
13-->[com.google.firebase:firebase-iid:19.0.0] AndroidManifest.xml:24:5-68
13-->[com.google.firebase:firebase-iid:19.0.0] AndroidManifest.xml:24:22-65
14    <uses-permission android:name="com.google.android.c2dm.permission.RECEIVE" />
14-->[com.google.firebase:firebase-iid:19.0.0] AndroidManifest.xml:26:5-82
14-->[com.google.firebase:firebase-iid:19.0.0] AndroidManifest.xml:26:22-79
15
16    <application
16-->src\main\AndroidManifest.xml:5:5-28:19
17        android:allowBackup="true"
17-->src\main\AndroidManifest.xml:6:9-35
18        android:appComponentFactory="androidx.core.app.CoreComponentFactory"
18-->[androidx.core:core:1.3.1] AndroidManifest.xml:24:18-86
19        android:debuggable="true"
20        android:extractNativeLibs="false"
21        android:icon="@mipmap/visionify"
21-->src\main\AndroidManifest.xml:7:9-41
22        android:label="@string/app_name"
22-->src\main\AndroidManifest.xml:8:9-41
23        android:roundIcon="@mipmap/visionify_round"
23-->src\main\AndroidManifest.xml:9:9-52
24        android:supportsRtl="true"
24-->src\main\AndroidManifest.xml:10:9-35
25        android:testOnly="true"
26        android:theme="@style/Theme.Visionify" >
26-->src\main\AndroidManifest.xml:11:9-47
27        <activity android:name="com.visionify.app.DetectColor" />
27-->src\main\AndroidManifest.xml:12:9-66
27-->src\main\AndroidManifest.xml:12:19-63
28        <activity android:name="com.visionify.app.DetectObject" />
28-->src\main\AndroidManifest.xml:13:9-67
28-->src\main\AndroidManifest.xml:13:19-64
29        <activity android:name="com.visionify.app.DetectText" />
29-->src\main\AndroidManifest.xml:14:9-65
29-->src\main\AndroidManifest.xml:14:19-62
30        <activity android:name="com.visionify.app.MainActivity" />
30-->src\main\AndroidManifest.xml:15:9-67
30-->src\main\AndroidManifest.xml:15:19-64
31        <activity android:name="com.visionify.app.SplashScreen" >
31-->src\main\AndroidManifest.xml:17:9-23:20
31-->src\main\AndroidManifest.xml:17:19-64
32            <intent-filter>
32-->src\main\AndroidManifest.xml:18:13-22:29
33                <action android:name="android.intent.action.MAIN" />
33-->src\main\AndroidManifest.xml:19:17-69
33-->src\main\AndroidManifest.xml:19:25-66
34
35                <category android:name="android.intent.category.LAUNCHER" />
35-->src\main\AndroidManifest.xml:21:17-77
35-->src\main\AndroidManifest.xml:21:27-74
36            </intent-filter>
37        </activity>
38
39        <meta-data
39-->src\main\AndroidManifest.xml:25:9-27:37
40            android:name="com.google.firebase.ml.vision.DEPENDENCIES"
40-->src\main\AndroidManifest.xml:26:13-70
41            android:value="label" />
41-->src\main\AndroidManifest.xml:27:13-34
42
43        <service
43-->[com.google.firebase:firebase-ml-vision:24.0.1] AndroidManifest.xml:9:9-15:19
44            android:name="com.google.firebase.components.ComponentDiscoveryService"
44-->[com.google.firebase:firebase-ml-vision:24.0.1] AndroidManifest.xml:10:13-84
45            android:exported="false" >
45-->[com.google.firebase:firebase-ml-vision:24.0.1] AndroidManifest.xml:11:13-37
46            <meta-data
46-->[com.google.firebase:firebase-ml-vision:24.0.1] AndroidManifest.xml:12:13-14:85
47                android:name="com.google.firebase.components:com.google.firebase.ml.vision.VisionRegistrar"
47-->[com.google.firebase:firebase-ml-vision:24.0.1] AndroidManifest.xml:13:17-108
48                android:value="com.google.firebase.components.ComponentRegistrar" />
48-->[com.google.firebase:firebase-ml-vision:24.0.1] AndroidManifest.xml:14:17-82
49            <meta-data
49-->[com.google.firebase:firebase-ml-common:22.0.1] AndroidManifest.xml:11:13-13:85
50                android:name="com.google.firebase.components:com.google.firebase.ml.common.CommonComponentRegistrar"
50-->[com.google.firebase:firebase-ml-common:22.0.1] AndroidManifest.xml:12:17-117
51                android:value="com.google.firebase.components.ComponentRegistrar" />
51-->[com.google.firebase:firebase-ml-common:22.0.1] AndroidManifest.xml:13:17-82
52            <meta-data
52-->[com.google.firebase:firebase-iid:19.0.0] AndroidManifest.xml:32:13-34:85
53                android:name="com.google.firebase.components:com.google.firebase.iid.Registrar"
53-->[com.google.firebase:firebase-iid:19.0.0] AndroidManifest.xml:33:17-96
54                android:value="com.google.firebase.components.ComponentRegistrar" />
54-->[com.google.firebase:firebase-iid:19.0.0] AndroidManifest.xml:34:17-82
55        </service>
56
57        <receiver
57-->[com.google.firebase:firebase-iid:19.0.0] AndroidManifest.xml:37:9-44:20
58            android:name="com.google.firebase.iid.FirebaseInstanceIdReceiver"
58-->[com.google.firebase:firebase-iid:19.0.0] AndroidManifest.xml:38:13-78
59            android:exported="true"
59-->[com.google.firebase:firebase-iid:19.0.0] AndroidManifest.xml:39:13-36
60            android:permission="com.google.android.c2dm.permission.SEND" >
60-->[com.google.firebase:firebase-iid:19.0.0] AndroidManifest.xml:40:13-73
61            <intent-filter>
61-->[com.google.firebase:firebase-iid:19.0.0] AndroidManifest.xml:41:13-43:29
62                <action android:name="com.google.android.c2dm.intent.RECEIVE" />
62-->[com.google.firebase:firebase-iid:19.0.0] AndroidManifest.xml:42:17-81
62-->[com.google.firebase:firebase-iid:19.0.0] AndroidManifest.xml:42:25-78
63            </intent-filter>
64        </receiver>
65
66        <activity
66-->[com.google.android.gms:play-services-base:17.0.0] AndroidManifest.xml:23:9-26:75
67            android:name="com.google.android.gms.common.api.GoogleApiActivity"
67-->[com.google.android.gms:play-services-base:17.0.0] AndroidManifest.xml:24:13-79
68            android:exported="false"
68-->[com.google.android.gms:play-services-base:17.0.0] AndroidManifest.xml:25:13-37
69            android:theme="@android:style/Theme.Translucent.NoTitleBar" />
69-->[com.google.android.gms:play-services-base:17.0.0] AndroidManifest.xml:26:13-72
70
71        <provider
71-->[com.google.firebase:firebase-common:19.0.0] AndroidManifest.xml:12:9-16:39
72            android:name="com.google.firebase.provider.FirebaseInitProvider"
72-->[com.google.firebase:firebase-common:19.0.0] AndroidManifest.xml:13:13-77
73            android:authorities="com.visionify.app.firebaseinitprovider"
73-->[com.google.firebase:firebase-common:19.0.0] AndroidManifest.xml:14:13-72
74            android:exported="false"
74-->[com.google.firebase:firebase-common:19.0.0] AndroidManifest.xml:15:13-37
75            android:initOrder="100" />
75-->[com.google.firebase:firebase-common:19.0.0] AndroidManifest.xml:16:13-36
76
77        <meta-data
77-->[com.google.android.gms:play-services-basement:17.0.0] AndroidManifest.xml:23:9-25:69
78            android:name="com.google.android.gms.version"
78-->[com.google.android.gms:play-services-basement:17.0.0] AndroidManifest.xml:24:13-58
79            android:value="@integer/google_play_services_version" />
79-->[com.google.android.gms:play-services-basement:17.0.0] AndroidManifest.xml:25:13-66
80    </application>
81
82</manifest>